[1202/205100.086:ERROR:directory_reader_win.cc(43)] FindFirstFile: The system cannot find the path specified. (0x3)
[1203/143716.111:ERROR:directory_reader_win.cc(43)] FindFirstFile: The system cannot find the path specified. (0x3)
[1204/213002.277:ERROR:directory_reader_win.cc(43)] FindFirstFile: The system cannot find the path specified. (0x3)
[1206/112131.188:ERROR:process_info.cc(329)] VirtualQueryEx: Access is denied. (0x5)
[1206/112131.188:ERROR:process_info.cc(556)] ReadMemoryInfo failed
[1206/112131.188:ERROR:process_info.cc(329)] VirtualQueryEx: Access is denied. (0x5)
[1206/112131.188:ERROR:process_info.cc(329)] VirtualQueryEx: Access is denied. (0x5)
[1206/112131.188:ERROR:process_info.cc(556)] ReadMemoryInfo failed
[1206/112131.188:ERROR:process_info.cc(556)] ReadMemoryInfo failed
[1206/112131.199:ERROR:process_reader_win.cc(151)] SuspendThread: Access is denied. (0x5)
[1206/112131.188:ERROR:scoped_process_suspend.cc(40)] NtResumeProcess: An attempt was made to access an exiting process. (0xc000010a)
[1206/112131.176:ERROR:scoped_process_suspend.cc(31)] NtSuspendProcess: An attempt was made to access an exiting process. (0xc000010a)
[1206/112131.188:ERROR:scoped_process_suspend.cc(40)] NtResumeProcess: An attempt was made to access an exiting process. (0xc000010a)
[1206/112131.353:ERROR:exception_snapshot_win.cc(99)] thread ID 692 not found in process
[1206/112131.176:ERROR:scoped_process_suspend.cc(31)] NtSuspendProcess: An attempt was made to access an exiting process. (0xc000010a)
[1206/112131.215:ERROR:scoped_process_suspend.cc(31)] NtSuspendProcess: An attempt was made to access an exiting process. (0xc000010a)
[1206/112131.176:ERROR:scoped_process_suspend.cc(31)] NtSuspendProcess: An attempt was made to access an exiting process. (0xc000010a)
[1206/112131.199:ERROR:process_reader_win.cc(151)] SuspendThread: Access is denied. (0x5)
[1206/112131.188:ERROR:scoped_process_suspend.cc(40)] NtResumeProcess: An attempt was made to access an exiting process. (0xc000010a)
[1206/112131.176:ERROR:scoped_process_suspend.cc(31)] NtSuspendProcess: An attempt was made to access an exiting process. (0xc000010a)
[1206/112131.353:ERROR:process_reader_win.cc(123)] NtOpenThread: An invalid Client ID was specified. (0xc000000b)
[1206/112131.353:ERROR:scoped_process_suspend.cc(40)] NtResumeProcess: An attempt was made to access an exiting process. (0xc000010a)
[1206/112131.353:ERROR:process_info.cc(118)] ReadProcessMemory bool __cdecl crashpad::(anonymous namespace)::ReadStruct(HANDLE, crashpad::WinVMAddress, T *) [T = crashpad::process_types::PEB<crashpad::process_types::internal::Traits64>]: Only part of a ReadProcessMemory or WriteProcessMemory request was completed. (0x12B)
[1206/112131.215:ERROR:scoped_process_suspend.cc(31)] NtSuspendProcess: An attempt was made to access an exiting process. (0xc000010a)
[1206/112131.353:ERROR:process_info.cc(551)] ReadProcessData failed
[1206/112131.353:ERROR:process_info.cc(118)] ReadProcessMemory bool __cdecl crashpad::(anonymous namespace)::ReadStruct(HANDLE, crashpad::WinVMAddress, T *) [T = crashpad::process_types::PEB<crashpad::process_types::internal::Traits64>]: Only part of a ReadProcessMemory or WriteProcessMemory request was completed. (0x12B)
[1206/112131.353:ERROR:process_info.cc(118)] ReadProcessMemory bool __cdecl crashpad::(anonymous namespace)::ReadStruct(HANDLE, crashpad::WinVMAddress, T *) [T = crashpad::process_types::PEB<crashpad::process_types::internal::Traits64>]: Only part of a ReadProcessMemory or WriteProcessMemory request was completed. (0x12B)
[1206/112131.353:ERROR:process_info.cc(551)] ReadProcessData failed
[1206/112131.353:ERROR:process_info.cc(551)] ReadProcessData failed
[1206/112131.353:ERROR:process_info.cc(118)] ReadProcessMemory bool __cdecl crashpad::(anonymous namespace)::ReadStruct(HANDLE, crashpad::WinVMAddress, T *) [T = crashpad::process_types::PEB<crashpad::process_types::internal::Traits64>]: Only part of a ReadProcessMemory or WriteProcessMemory request was completed. (0x12B)
[1206/112131.353:ERROR:process_info.cc(551)] ReadProcessData failed
[1206/112131.356:ERROR:process_reader_win.cc(151)] SuspendThread: Access is denied. (0x5)
[1206/112131.356:ERROR:process_reader_win.cc(123)] NtOpenThread: {Access Denied} A process has requested access to an object, but has not been granted those access rights. (0xc0000022)
[1206/112131.469:ERROR:exception_snapshot_win.cc(99)] thread ID 29648 not found in process
[1206/112131.356:ERROR:process_reader_win.cc(151)] SuspendThread: Access is denied. (0x5)
[1206/112131.469:ERROR:exception_snapshot_win.cc(99)] thread ID 22108 not found in process
[1206/112131.469:ERROR:exception_snapshot_win.cc(99)] thread ID 48684 not found in process
[1206/112131.469:ERROR:scoped_process_suspend.cc(40)] NtResumeProcess: An attempt was made to access an exiting process. (0xc000010a)
[1206/134926.801:ERROR:directory_reader_win.cc(43)] FindFirstFile: The system cannot find the path specified. (0x3)
[1206/164659.498:ERROR:directory_reader_win.cc(43)] FindFirstFile: The system cannot find the path specified. (0x3)
[1207/015645.628:ERROR:directory_reader_win.cc(43)] FindFirstFile: The system cannot find the path specified. (0x3)
